[INFO ] 2020-06-16 11:30:18.254 [main] LoggerListener - Test Started.....
[INFO ] 2020-06-16 11:30:18.420 [main] LoggerListener - Test searchTextTest Passed.....
[INFO ] 2020-06-16 11:30:18.420 [main] LoggerListener - Priority of this method is : 1
[INFO ] 2020-06-16 11:30:29.096 [main] LoggerListener - Test Started.....
[INFO ] 2020-06-16 11:30:29.135 [main] LoggerListener - Test techImagesTest Passed.....
[INFO ] 2020-06-16 11:30:29.136 [main] LoggerListener - Priority of this method is : 2
[INFO ] 2020-06-16 11:30:37.194 [main] LoggerListener - Test Started.....
[INFO ] 2020-06-16 11:30:37.312 [main] LoggerListener - Test searchURLTest2 Passed.....
[INFO ] 2020-06-16 11:30:37.312 [main] LoggerListener - Priority of this method is : 3
[INFO ] 2020-06-16 11:30:45.399 [main] LoggerListener - Test Started.....
[INFO ] 2020-06-16 11:30:46.213 [main] LoggerListener - Test searchURLTest1 Passed.....
[INFO ] 2020-06-16 11:30:46.213 [main] LoggerListener - Priority of this method is : 4
[INFO ] 2020-06-16 11:30:55.361 [main] LoggerListener - Test Started.....
[INFO ] 2020-06-16 11:30:56.779 [main] LoggerListener - Test searchURLTest3 Passed.....
[INFO ] 2020-06-16 11:30:56.779 [main] LoggerListener - Priority of this method is : 5
[INFO ] 2020-06-16 11:31:07.223 [main] LoggerListener - Test Started.....
[INFO ] 2020-06-16 11:31:08.870 [main] LoggerListener - Test searchURLTest4 Passed.....
[INFO ] 2020-06-16 11:31:08.870 [main] LoggerListener - Priority of this method is : 6
[INFO ] 2020-06-16 11:31:17.158 [main] LoggerListener - Test Started.....
[INFO ] 2020-06-16 11:31:18.590 [main] LoggerListener - Test searchURLTest5 Passed.....
[INFO ] 2020-06-16 11:31:18.590 [main] LoggerListener - Priority of this method is : 7
[INFO ] 2020-06-16 11:31:27.504 [main] LoggerListener - Test Started.....
[INFO ] 2020-06-16 11:31:27.956 [main] LoggerListener - Test searchURLTest6 Passed.....
[INFO ] 2020-06-16 11:31:27.956 [main] LoggerListener - Priority of this method is : 8
[INFO ] 2020-06-16 11:31:29.279 [main] ExcelHelper - total rows:3
[INFO ] 2020-06-16 11:31:29.279 [main] ExcelHelper - total cols:3
[INFO ] 2020-06-16 11:31:29.279 [main] ExcelHelper - total cols:3
[INFO ] 2020-06-16 11:31:29.279 [main] ExcelHelper - total cols:3
[INFO ] 2020-06-16 11:31:36.552 [main] LoggerListener - Test Started.....
[INFO ] 2020-06-16 11:31:39.108 [main] LoggerListener - Test loginTest Failed.....
[INFO ] 2020-06-16 11:31:39.108 [main] LoggerListener - Priority of this method is : 0
[INFO ] 2020-06-16 11:31:51.860 [main] LoggerListener - Test Started.....
[INFO ] 2020-06-16 11:31:54.434 [main] LoggerListener - Test loginTest Failed.....
[INFO ] 2020-06-16 11:31:54.434 [main] LoggerListener - Priority of this method is : 0
[INFO ] 2020-06-16 11:32:06.877 [main] LoggerListener - Test Started.....
[INFO ] 2020-06-16 11:32:09.405 [main] LoggerListener - Test loginTest Failed.....
[INFO ] 2020-06-16 11:32:09.405 [main] LoggerListener - Priority of this method is : 0
[INFO ] 2020-06-16 11:41:17.367 [main] LoggerListener - Test Started.....
[INFO ] 2020-06-16 11:41:17.431 [main] LoggerListener - Test searchTextTest Passed.....
[INFO ] 2020-06-16 11:41:17.431 [main] LoggerListener - Priority of this method is : 1
[INFO ] 2020-06-16 11:41:25.846 [main] LoggerListener - Test Started.....
[INFO ] 2020-06-16 11:41:25.875 [main] LoggerListener - Test techImagesTest Passed.....
[INFO ] 2020-06-16 11:41:25.876 [main] LoggerListener - Priority of this method is : 2
[INFO ] 2020-06-16 11:41:34.408 [main] LoggerListener - Test Started.....
[INFO ] 2020-06-16 11:41:34.530 [main] LoggerListener - Test searchURLTest2 Passed.....
[INFO ] 2020-06-16 11:41:34.531 [main] LoggerListener - Priority of this method is : 3
[INFO ] 2020-06-16 11:41:43.843 [main] LoggerListener - Test Started.....
[INFO ] 2020-06-16 11:41:44.306 [main] LoggerListener - Test searchURLTest1 Passed.....
[INFO ] 2020-06-16 11:41:44.306 [main] LoggerListener - Priority of this method is : 4
[INFO ] 2020-06-16 11:41:55.020 [main] LoggerListener - Test Started.....
[INFO ] 2020-06-16 11:41:55.997 [main] LoggerListener - Test searchURLTest3 Passed.....
[INFO ] 2020-06-16 11:41:55.997 [main] LoggerListener - Priority of this method is : 5
[INFO ] 2020-06-16 11:42:06.340 [main] LoggerListener - Test Started.....
[INFO ] 2020-06-16 11:42:07.529 [main] LoggerListener - Test searchURLTest4 Passed.....
[INFO ] 2020-06-16 11:42:07.529 [main] LoggerListener - Priority of this method is : 6
[INFO ] 2020-06-16 11:42:16.772 [main] LoggerListener - Test Started.....
[INFO ] 2020-06-16 11:42:18.948 [main] LoggerListener - Test searchURLTest5 Passed.....
[INFO ] 2020-06-16 11:42:18.948 [main] LoggerListener - Priority of this method is : 7
[INFO ] 2020-06-16 11:42:28.443 [main] LoggerListener - Test Started.....
[INFO ] 2020-06-16 11:42:28.917 [main] LoggerListener - Test searchURLTest6 Passed.....
[INFO ] 2020-06-16 11:42:28.917 [main] LoggerListener - Priority of this method is : 8
[INFO ] 2020-06-16 11:42:30.202 [main] ExcelHelper - total rows:3
[INFO ] 2020-06-16 11:42:30.202 [main] ExcelHelper - total cols:3
[INFO ] 2020-06-16 11:42:30.202 [main] ExcelHelper - total cols:3
[INFO ] 2020-06-16 11:42:30.202 [main] ExcelHelper - total cols:3
[INFO ] 2020-06-16 11:42:38.650 [main] LoggerListener - Test Started.....
[INFO ] 2020-06-16 11:42:41.294 [main] LoggerListener - Test loginTest Failed.....
[INFO ] 2020-06-16 11:42:41.294 [main] LoggerListener - Priority of this method is : 0
[INFO ] 2020-06-16 11:42:52.214 [main] LoggerListener - Test Started.....
[INFO ] 2020-06-16 11:42:54.726 [main] LoggerListener - Test loginTest Failed.....
[INFO ] 2020-06-16 11:42:54.726 [main] LoggerListener - Priority of this method is : 0
[INFO ] 2020-06-16 11:43:06.778 [main] LoggerListener - Test Started.....
[INFO ] 2020-06-16 11:43:09.343 [main] LoggerListener - Test loginTest Failed.....
[INFO ] 2020-06-16 11:43:09.343 [main] LoggerListener - Priority of this method is : 0
[INFO ] 2020-06-16 11:53:42.356 [main] LoggerListener - Test Started.....
[INFO ] 2020-06-16 11:53:42.422 [main] LoggerListener - Test searchTextTest Passed.....
[INFO ] 2020-06-16 11:53:42.422 [main] LoggerListener - Priority of this method is : 1
[INFO ] 2020-06-16 11:53:52.114 [main] LoggerListener - Test Started.....
[INFO ] 2020-06-16 11:53:52.147 [main] LoggerListener - Test techImagesTest Passed.....
[INFO ] 2020-06-16 11:53:52.147 [main] LoggerListener - Priority of this method is : 2
[INFO ] 2020-06-16 11:54:00.300 [main] LoggerListener - Test Started.....
[INFO ] 2020-06-16 11:54:00.416 [main] LoggerListener - Test searchURLTest2 Passed.....
[INFO ] 2020-06-16 11:54:00.416 [main] LoggerListener - Priority of this method is : 3
[INFO ] 2020-06-16 11:54:08.719 [main] LoggerListener - Test Started.....
[INFO ] 2020-06-16 11:54:09.235 [main] LoggerListener - Test searchURLTest1 Passed.....
[INFO ] 2020-06-16 11:54:09.235 [main] LoggerListener - Priority of this method is : 4
[INFO ] 2020-06-16 11:54:18.428 [main] LoggerListener - Test Started.....
[INFO ] 2020-06-16 11:54:19.290 [main] LoggerListener - Test searchURLTest3 Passed.....
[INFO ] 2020-06-16 11:54:19.290 [main] LoggerListener - Priority of this method is : 5
[INFO ] 2020-06-16 11:54:27.731 [main] LoggerListener - Test Started.....
[INFO ] 2020-06-16 11:54:30.096 [main] LoggerListener - Test searchURLTest4 Passed.....
[INFO ] 2020-06-16 11:54:30.097 [main] LoggerListener - Priority of this method is : 6
[INFO ] 2020-06-16 11:54:38.663 [main] LoggerListener - Test Started.....
[INFO ] 2020-06-16 11:54:40.095 [main] LoggerListener - Test searchURLTest5 Passed.....
[INFO ] 2020-06-16 11:54:40.096 [main] LoggerListener - Priority of this method is : 7
[INFO ] 2020-06-16 11:54:48.533 [main] LoggerListener - Test Started.....
[INFO ] 2020-06-16 11:54:48.992 [main] LoggerListener - Test searchURLTest6 Passed.....
[INFO ] 2020-06-16 11:54:48.993 [main] LoggerListener - Priority of this method is : 8
[INFO ] 2020-06-16 11:54:50.778 [main] ExcelHelper - total rows:3
[INFO ] 2020-06-16 11:54:50.778 [main] ExcelHelper - total cols:3
[INFO ] 2020-06-16 11:54:50.778 [main] ExcelHelper - total cols:3
[INFO ] 2020-06-16 11:54:50.778 [main] ExcelHelper - total cols:3
[INFO ] 2020-06-16 11:54:58.724 [main] LoggerListener - Test Started.....
[INFO ] 2020-06-16 11:55:01.337 [main] LoggerListener - Test loginTest Failed.....
[INFO ] 2020-06-16 11:55:01.337 [main] LoggerListener - Priority of this method is : 0
[INFO ] 2020-06-16 11:55:12.038 [main] LoggerListener - Test Started.....
[INFO ] 2020-06-16 11:55:14.618 [main] LoggerListener - Test loginTest Failed.....
[INFO ] 2020-06-16 11:55:14.618 [main] LoggerListener - Priority of this method is : 0
[INFO ] 2020-06-16 11:55:25.702 [main] LoggerListener - Test Started.....
[INFO ] 2020-06-16 11:55:28.203 [main] LoggerListener - Test loginTest Failed.....
[INFO ] 2020-06-16 11:55:28.203 [main] LoggerListener - Priority of this method is : 0
[INFO ] 2020-06-16 11:58:27.435 [main] LoggerListener - Test Started.....
[INFO ] 2020-06-16 11:58:27.503 [main] LoggerListener - Test searchTextTest Passed.....
[INFO ] 2020-06-16 11:58:27.503 [main] LoggerListener - Priority of this method is : 1
[INFO ] 2020-06-16 11:58:36.648 [main] LoggerListener - Test Started.....
[INFO ] 2020-06-16 11:58:36.688 [main] LoggerListener - Test techImagesTest Passed.....
[INFO ] 2020-06-16 11:58:36.688 [main] LoggerListener - Priority of this method is : 2
[INFO ] 2020-06-16 11:58:47.441 [main] LoggerListener - Test Started.....
[INFO ] 2020-06-16 11:58:47.561 [main] LoggerListener - Test searchURLTest2 Passed.....
[INFO ] 2020-06-16 11:58:47.561 [main] LoggerListener - Priority of this method is : 3
[INFO ] 2020-06-16 11:58:56.840 [main] LoggerListener - Test Started.....
[INFO ] 2020-06-16 11:58:57.322 [main] LoggerListener - Test searchURLTest1 Passed.....
[INFO ] 2020-06-16 11:58:57.322 [main] LoggerListener - Priority of this method is : 4
[INFO ] 2020-06-16 11:59:06.461 [main] LoggerListener - Test Started.....
[INFO ] 2020-06-16 11:59:07.748 [main] LoggerListener - Test searchURLTest3 Passed.....
[INFO ] 2020-06-16 11:59:07.748 [main] LoggerListener - Priority of this method is : 5
[INFO ] 2020-06-16 11:59:16.617 [main] LoggerListener - Test Started.....
[INFO ] 2020-06-16 11:59:18.157 [main] LoggerListener - Test searchURLTest4 Passed.....
[INFO ] 2020-06-16 11:59:18.157 [main] LoggerListener - Priority of this method is : 6
[INFO ] 2020-06-16 11:59:31.073 [main] LoggerListener - Test Started.....
[INFO ] 2020-06-16 11:59:32.581 [main] LoggerListener - Test searchURLTest5 Passed.....
[INFO ] 2020-06-16 11:59:32.581 [main] LoggerListener - Priority of this method is : 7
[INFO ] 2020-06-16 11:59:40.318 [main] LoggerListener - Test Started.....
[INFO ] 2020-06-16 11:59:40.818 [main] LoggerListener - Test searchURLTest6 Passed.....
[INFO ] 2020-06-16 11:59:40.818 [main] LoggerListener - Priority of this method is : 8
[INFO ] 2020-06-16 11:59:42.081 [main] ExcelHelper - total rows:3
[INFO ] 2020-06-16 11:59:42.081 [main] ExcelHelper - total cols:3
[INFO ] 2020-06-16 11:59:42.089 [main] ExcelHelper - total cols:3
[INFO ] 2020-06-16 11:59:42.089 [main] ExcelHelper - total cols:3
[INFO ] 2020-06-16 11:59:51.629 [main] LoggerListener - Test Started.....
[INFO ] 2020-06-16 12:00:03.252 [main] LoggerListener - Test loginTest Failed.....
[INFO ] 2020-06-16 12:00:03.252 [main] LoggerListener - Priority of this method is : 0
[INFO ] 2020-06-16 12:00:11.499 [main] LoggerListener - Test Started.....
[INFO ] 2020-06-16 12:00:22.839 [main] LoggerListener - Test loginTest Failed.....
[INFO ] 2020-06-16 12:00:22.839 [main] LoggerListener - Priority of this method is : 0
[INFO ] 2020-06-16 12:00:32.304 [main] LoggerListener - Test Started.....
[INFO ] 2020-06-16 12:00:42.317 [main] LoggerListener - Test loginTest Failed.....
[INFO ] 2020-06-16 12:00:42.317 [main] LoggerListener - Priority of this method is : 0
[INFO ] 2020-06-16 13:32:26.902 [main] LoggerListener - Test Started.....
[INFO ] 2020-06-16 13:32:26.966 [main] LoggerListener - Test searchTextTest Passed.....
[INFO ] 2020-06-16 13:32:26.966 [main] LoggerListener - Priority of this method is : 1
[INFO ] 2020-06-16 13:32:37.799 [main] LoggerListener - Test Started.....
[INFO ] 2020-06-16 13:32:37.835 [main] LoggerListener - Test techImagesTest Passed.....
[INFO ] 2020-06-16 13:32:37.835 [main] LoggerListener - Priority of this method is : 2
[INFO ] 2020-06-16 13:32:48.546 [main] LoggerListener - Test Started.....
[INFO ] 2020-06-16 13:32:48.698 [main] LoggerListener - Test searchURLTest2 Passed.....
[INFO ] 2020-06-16 13:32:48.698 [main] LoggerListener - Priority of this method is : 3
[INFO ] 2020-06-16 13:32:58.334 [main] LoggerListener - Test Started.....
[INFO ] 2020-06-16 13:32:58.794 [main] LoggerListener - Test searchURLTest1 Passed.....
[INFO ] 2020-06-16 13:32:58.794 [main] LoggerListener - Priority of this method is : 4
[INFO ] 2020-06-16 13:33:07.392 [main] LoggerListener - Test Started.....
[INFO ] 2020-06-16 13:33:08.215 [main] LoggerListener - Test searchURLTest3 Passed.....
[INFO ] 2020-06-16 13:33:08.215 [main] LoggerListener - Priority of this method is : 5
[INFO ] 2020-06-16 13:33:16.481 [main] LoggerListener - Test Started.....
[INFO ] 2020-06-16 13:33:18.085 [main] LoggerListener - Test searchURLTest4 Passed.....
[INFO ] 2020-06-16 13:33:18.085 [main] LoggerListener - Priority of this method is : 6
[INFO ] 2020-06-16 13:33:28.976 [main] LoggerListener - Test Started.....
[INFO ] 2020-06-16 13:33:30.396 [main] LoggerListener - Test searchURLTest5 Passed.....
[INFO ] 2020-06-16 13:33:30.396 [main] LoggerListener - Priority of this method is : 7
[INFO ] 2020-06-16 13:33:39.240 [main] LoggerListener - Test Started.....
[INFO ] 2020-06-16 13:33:39.787 [main] LoggerListener - Test searchURLTest6 Passed.....
[INFO ] 2020-06-16 13:33:39.787 [main] LoggerListener - Priority of this method is : 8
[INFO ] 2020-06-16 13:33:41.225 [main] ExcelHelper - total rows:3
[INFO ] 2020-06-16 13:33:41.225 [main] ExcelHelper - total cols:3
[INFO ] 2020-06-16 13:33:41.241 [main] ExcelHelper - total cols:3
[INFO ] 2020-06-16 13:33:41.241 [main] ExcelHelper - total cols:3
[INFO ] 2020-06-16 13:33:50.180 [main] LoggerListener - Test Started.....
[INFO ] 2020-06-16 13:33:52.553 [main] LoggerListener - Test loginTest Passed.....
[INFO ] 2020-06-16 13:33:52.553 [main] LoggerListener - Priority of this method is : 0
[INFO ] 2020-06-16 13:34:01.255 [main] LoggerListener - Test Started.....
[INFO ] 2020-06-16 13:34:03.597 [main] LoggerListener - Test loginTest Passed.....
[INFO ] 2020-06-16 13:34:03.597 [main] LoggerListener - Priority of this method is : 0
[INFO ] 2020-06-16 13:34:11.824 [main] LoggerListener - Test Started.....
[INFO ] 2020-06-16 13:34:14.138 [main] LoggerListener - Test loginTest Passed.....
[INFO ] 2020-06-16 13:34:14.138 [main] LoggerListener - Priority of this method is : 0
[INFO ] 2020-06-16 14:02:04.631 [main] LoggerListener - Test Started.....
[INFO ] 2020-06-16 14:02:04.691 [main] LoggerListener - Test searchTextTest Passed.....
[INFO ] 2020-06-16 14:02:04.695 [main] LoggerListener - Priority of this method is : 1
[INFO ] 2020-06-16 14:02:13.152 [main] LoggerListener - Test Started.....
[INFO ] 2020-06-16 14:02:13.192 [main] LoggerListener - Test techImagesTest Passed.....
[INFO ] 2020-06-16 14:02:13.192 [main] LoggerListener - Priority of this method is : 2
[INFO ] 2020-06-16 14:02:21.730 [main] LoggerListener - Test Started.....
[INFO ] 2020-06-16 14:02:21.865 [main] LoggerListener - Test searchURLTest2 Passed.....
[INFO ] 2020-06-16 14:02:21.865 [main] LoggerListener - Priority of this method is : 3
[INFO ] 2020-06-16 14:02:31.146 [main] LoggerListener - Test Started.....
[INFO ] 2020-06-16 14:02:31.970 [main] LoggerListener - Test searchURLTest1 Passed.....
[INFO ] 2020-06-16 14:02:31.970 [main] LoggerListener - Priority of this method is : 4
[INFO ] 2020-06-16 14:02:40.527 [main] LoggerListener - Test Started.....
[INFO ] 2020-06-16 14:02:41.383 [main] LoggerListener - Test searchURLTest3 Passed.....
[INFO ] 2020-06-16 14:02:41.383 [main] LoggerListener - Priority of this method is : 5
[INFO ] 2020-06-16 14:02:50.127 [main] LoggerListener - Test Started.....
[INFO ] 2020-06-16 14:02:51.379 [main] LoggerListener - Test searchURLTest4 Passed.....
[INFO ] 2020-06-16 14:02:51.379 [main] LoggerListener - Priority of this method is : 6
[INFO ] 2020-06-16 14:03:02.310 [main] LoggerListener - Test Started.....
[INFO ] 2020-06-16 14:03:04.273 [main] LoggerListener - Test searchURLTest5 Passed.....
[INFO ] 2020-06-16 14:03:04.273 [main] LoggerListener - Priority of this method is : 7
[INFO ] 2020-06-16 14:03:12.561 [main] LoggerListener - Test Started.....
[INFO ] 2020-06-16 14:03:13.049 [main] LoggerListener - Test searchURLTest6 Passed.....
[INFO ] 2020-06-16 14:03:13.049 [main] LoggerListener - Priority of this method is : 8
[INFO ] 2020-06-16 14:03:14.391 [main] ExcelHelper - total rows:3
[INFO ] 2020-06-16 14:03:14.391 [main] ExcelHelper - total cols:3
[INFO ] 2020-06-16 14:03:14.399 [main] ExcelHelper - total cols:3
[INFO ] 2020-06-16 14:03:14.399 [main] ExcelHelper - total cols:3
[INFO ] 2020-06-16 14:03:21.209 [main] LoggerListener - Test Started.....
[INFO ] 2020-06-16 14:03:23.563 [main] LoggerListener - Test loginTest Passed.....
[INFO ] 2020-06-16 14:03:23.563 [main] LoggerListener - Priority of this method is : 0
[INFO ] 2020-06-16 14:03:31.340 [main] LoggerListener - Test Started.....
[INFO ] 2020-06-16 14:03:33.690 [main] LoggerListener - Test loginTest Passed.....
[INFO ] 2020-06-16 14:03:33.690 [main] LoggerListener - Priority of this method is : 0
[INFO ] 2020-06-16 14:03:41.292 [main] LoggerListener - Test Started.....
[INFO ] 2020-06-16 14:03:43.595 [main] LoggerListener - Test loginTest Passed.....
[INFO ] 2020-06-16 14:03:43.595 [main] LoggerListener - Priority of this method is : 0
