[INFO ] 2020-06-15 23:28:13.203 [main] LoggerListener - Test Started.....
[INFO ] 2020-06-15 23:28:13.313 [main] LoggerListener - Test searchTextTest Passed.....
[INFO ] 2020-06-15 23:28:13.313 [main] LoggerListener - Priority of this method is : 1
[INFO ] 2020-06-15 23:28:26.549 [main] LoggerListener - Test Started.....
[INFO ] 2020-06-15 23:28:26.582 [main] LoggerListener - Test techImagesTest Passed.....
[INFO ] 2020-06-15 23:28:26.582 [main] LoggerListener - Priority of this method is : 2
[INFO ] 2020-06-15 23:28:36.001 [main] LoggerListener - Test Started.....
[INFO ] 2020-06-15 23:28:36.136 [main] LoggerListener - Test searchURLTest2 Passed.....
[INFO ] 2020-06-15 23:28:36.140 [main] LoggerListener - Priority of this method is : 3
[INFO ] 2020-06-15 23:28:44.935 [main] LoggerListener - Test Started.....
[INFO ] 2020-06-15 23:28:45.779 [main] LoggerListener - Test searchURLTest1 Passed.....
[INFO ] 2020-06-15 23:28:45.779 [main] LoggerListener - Priority of this method is : 4
[INFO ] 2020-06-15 23:28:56.804 [main] LoggerListener - Test Started.....
[INFO ] 2020-06-15 23:28:58.303 [main] LoggerListener - Test searchURLTest3 Passed.....
[INFO ] 2020-06-15 23:28:58.303 [main] LoggerListener - Priority of this method is : 5
[INFO ] 2020-06-15 23:29:08.335 [main] LoggerListener - Test Started.....
[INFO ] 2020-06-15 23:29:09.440 [main] LoggerListener - Test searchURLTest4 Passed.....
[INFO ] 2020-06-15 23:29:09.440 [main] LoggerListener - Priority of this method is : 6
[INFO ] 2020-06-15 23:29:18.343 [main] LoggerListener - Test Started.....
[INFO ] 2020-06-15 23:29:19.727 [main] LoggerListener - Test searchURLTest5 Passed.....
[INFO ] 2020-06-15 23:29:19.727 [main] LoggerListener - Priority of this method is : 7
[INFO ] 2020-06-15 23:29:29.405 [main] LoggerListener - Test Started.....
[INFO ] 2020-06-15 23:29:30.445 [main] LoggerListener - Test searchURLTest6 Passed.....
[INFO ] 2020-06-15 23:29:30.445 [main] LoggerListener - Priority of this method is : 8
[INFO ] 2020-06-15 23:41:00.116 [main] LoggerListener - Test Started.....
[INFO ] 2020-06-15 23:41:00.200 [main] LoggerListener - Test searchTextTest Passed.....
[INFO ] 2020-06-15 23:41:00.200 [main] LoggerListener - Priority of this method is : 1
[INFO ] 2020-06-15 23:41:09.203 [main] LoggerListener - Test Started.....
[INFO ] 2020-06-15 23:41:09.243 [main] LoggerListener - Test techImagesTest Passed.....
[INFO ] 2020-06-15 23:41:09.243 [main] LoggerListener - Priority of this method is : 2
[INFO ] 2020-06-15 23:41:17.814 [main] LoggerListener - Test Started.....
[INFO ] 2020-06-15 23:41:17.942 [main] LoggerListener - Test searchURLTest2 Passed.....
[INFO ] 2020-06-15 23:41:17.942 [main] LoggerListener - Priority of this method is : 3
[INFO ] 2020-06-15 23:41:26.443 [main] LoggerListener - Test Started.....
[INFO ] 2020-06-15 23:41:27.401 [main] LoggerListener - Test searchURLTest1 Passed.....
[INFO ] 2020-06-15 23:41:27.401 [main] LoggerListener - Priority of this method is : 4
[INFO ] 2020-06-15 23:41:35.865 [main] LoggerListener - Test Started.....
[INFO ] 2020-06-15 23:41:37.129 [main] LoggerListener - Test searchURLTest3 Passed.....
[INFO ] 2020-06-15 23:41:37.129 [main] LoggerListener - Priority of this method is : 5
[INFO ] 2020-06-15 23:41:46.606 [main] LoggerListener - Test Started.....
[INFO ] 2020-06-15 23:41:47.966 [main] LoggerListener - Test searchURLTest4 Passed.....
[INFO ] 2020-06-15 23:41:47.966 [main] LoggerListener - Priority of this method is : 6
[INFO ] 2020-06-15 23:41:57.946 [main] LoggerListener - Test Started.....
[INFO ] 2020-06-15 23:41:59.381 [main] LoggerListener - Test searchURLTest5 Passed.....
[INFO ] 2020-06-15 23:41:59.381 [main] LoggerListener - Priority of this method is : 7
[INFO ] 2020-06-15 23:42:08.259 [main] LoggerListener - Test Started.....
[INFO ] 2020-06-15 23:42:08.911 [main] LoggerListener - Test searchURLTest6 Passed.....
[INFO ] 2020-06-15 23:42:08.911 [main] LoggerListener - Priority of this method is : 8
[INFO ] 2020-06-15 23:42:10.698 [main] ExcelHelper - total rows:3
[INFO ] 2020-06-15 23:42:10.698 [main] ExcelHelper - total cols:3
[INFO ] 2020-06-15 23:42:10.714 [main] ExcelHelper - total cols:3
[INFO ] 2020-06-15 23:42:10.714 [main] ExcelHelper - total cols:3
[INFO ] 2020-06-15 23:42:17.769 [main] LoggerListener - Test Started.....
[INFO ] 2020-06-15 23:42:20.376 [main] LoggerListener - Test loginTest Failed.....
[INFO ] 2020-06-15 23:42:20.376 [main] LoggerListener - Priority of this method is : 0
[INFO ] 2020-06-15 23:42:32.500 [main] LoggerListener - Test Started.....
[INFO ] 2020-06-15 23:42:35.111 [main] LoggerListener - Test loginTest Failed.....
[INFO ] 2020-06-15 23:42:35.111 [main] LoggerListener - Priority of this method is : 0
[INFO ] 2020-06-15 23:42:46.997 [main] LoggerListener - Test Started.....
[INFO ] 2020-06-15 23:42:49.471 [main] LoggerListener - Test loginTest Failed.....
[INFO ] 2020-06-15 23:42:49.471 [main] LoggerListener - Priority of this method is : 0
