[INFO ] 2020-06-12 14:14:20.684 [main] ExcelHelper - total rows:3
[INFO ] 2020-06-12 14:14:20.701 [main] ExcelHelper - total cols:3
[INFO ] 2020-06-12 14:14:20.709 [main] ExcelHelper - total cols:3
[INFO ] 2020-06-12 14:14:20.710 [main] ExcelHelper - total cols:3
[INFO ] 2020-06-12 14:14:31.610 [main] LoggerListener - Test Started.....
[INFO ] 2020-06-12 14:14:32.227 [main] LoggerListener - Test loginTest Failed.....
[INFO ] 2020-06-12 14:14:32.227 [main] LoggerListener - Priority of this method is : 0
[INFO ] 2020-06-12 14:14:40.661 [main] LoggerListener - Test Started.....
[INFO ] 2020-06-12 14:14:41.010 [main] LoggerListener - Test loginTest Failed.....
[INFO ] 2020-06-12 14:14:41.010 [main] LoggerListener - Priority of this method is : 0
[INFO ] 2020-06-12 14:14:49.191 [main] LoggerListener - Test Started.....
[INFO ] 2020-06-12 14:14:49.502 [main] LoggerListener - Test loginTest Failed.....
[INFO ] 2020-06-12 14:14:49.503 [main] LoggerListener - Priority of this method is : 0
[INFO ] 2020-06-12 14:20:43.429 [main] ExcelHelper - total rows:3
[INFO ] 2020-06-12 14:20:43.433 [main] ExcelHelper - total cols:3
[INFO ] 2020-06-12 14:20:43.439 [main] ExcelHelper - total cols:3
[INFO ] 2020-06-12 14:20:43.440 [main] ExcelHelper - total cols:3
[INFO ] 2020-06-12 14:22:37.595 [main] LoggerListener - Test Started.....
[INFO ] 2020-06-12 14:22:37.606 [main] LoggerListener - Test loginTest Skipped.....
[INFO ] 2020-06-12 14:22:37.606 [main] LoggerListener - Priority of this method is : 0
[INFO ] 2020-06-12 14:22:37.608 [main] LoggerListener - Test Started.....
[INFO ] 2020-06-12 14:22:37.609 [main] LoggerListener - Test loginTest Skipped.....
[INFO ] 2020-06-12 14:22:37.609 [main] LoggerListener - Priority of this method is : 0
[INFO ] 2020-06-12 14:22:37.614 [main] LoggerListener - Test Started.....
[INFO ] 2020-06-12 14:22:37.616 [main] LoggerListener - Test loginTest Skipped.....
[INFO ] 2020-06-12 14:22:37.618 [main] LoggerListener - Priority of this method is : 0
[INFO ] 2020-06-12 14:25:41.384 [main] ExcelHelper - total rows:3
[INFO ] 2020-06-12 14:25:41.388 [main] ExcelHelper - total cols:3
[INFO ] 2020-06-12 14:25:41.393 [main] ExcelHelper - total cols:3
[INFO ] 2020-06-12 14:25:41.394 [main] ExcelHelper - total cols:3
[INFO ] 2020-06-12 14:25:49.240 [main] LoggerListener - Test Started.....
[INFO ] 2020-06-12 14:25:49.639 [main] LoggerListener - Test loginTest Failed.....
[INFO ] 2020-06-12 14:25:49.639 [main] LoggerListener - Priority of this method is : 0
[INFO ] 2020-06-12 14:25:57.393 [main] LoggerListener - Test Started.....
[INFO ] 2020-06-12 14:25:57.673 [main] LoggerListener - Test loginTest Failed.....
[INFO ] 2020-06-12 14:25:57.674 [main] LoggerListener - Priority of this method is : 0
[INFO ] 2020-06-12 14:26:06.757 [main] LoggerListener - Test Started.....
[INFO ] 2020-06-12 14:26:07.160 [main] LoggerListener - Test loginTest Failed.....
[INFO ] 2020-06-12 14:26:07.160 [main] LoggerListener - Priority of this method is : 0
[INFO ] 2020-06-12 15:16:18.916 [main] ExcelHelper - total rows:3
[INFO ] 2020-06-12 15:16:18.920 [main] ExcelHelper - total cols:3
[INFO ] 2020-06-12 15:16:18.927 [main] ExcelHelper - total cols:3
[INFO ] 2020-06-12 15:16:18.928 [main] ExcelHelper - total cols:3
[INFO ] 2020-06-12 15:16:27.034 [main] LoggerListener - Test Started.....
[INFO ] 2020-06-12 15:16:27.566 [main] LoggerListener - Test loginTest Failed.....
[INFO ] 2020-06-12 15:16:27.566 [main] LoggerListener - Priority of this method is : 0
[INFO ] 2020-06-12 15:16:36.464 [main] LoggerListener - Test Started.....
[INFO ] 2020-06-12 15:16:36.896 [main] LoggerListener - Test loginTest Failed.....
[INFO ] 2020-06-12 15:16:36.897 [main] LoggerListener - Priority of this method is : 0
[INFO ] 2020-06-12 15:16:46.369 [main] LoggerListener - Test Started.....
[INFO ] 2020-06-12 15:16:46.724 [main] LoggerListener - Test loginTest Failed.....
[INFO ] 2020-06-12 15:16:46.724 [main] LoggerListener - Priority of this method is : 0
[INFO ] 2020-06-12 15:24:00.921 [main] ExcelHelper - total rows:3
[INFO ] 2020-06-12 15:24:00.925 [main] ExcelHelper - total cols:3
[INFO ] 2020-06-12 15:24:00.937 [main] ExcelHelper - total cols:3
[INFO ] 2020-06-12 15:24:00.938 [main] ExcelHelper - total cols:3
[INFO ] 2020-06-12 15:24:10.496 [main] LoggerListener - Test Started.....
[INFO ] 2020-06-12 15:24:10.954 [main] LoggerListener - Test loginTest Failed.....
[INFO ] 2020-06-12 15:24:10.954 [main] LoggerListener - Priority of this method is : 0
[INFO ] 2020-06-12 15:24:20.461 [main] LoggerListener - Test Started.....
[INFO ] 2020-06-12 15:24:20.805 [main] LoggerListener - Test loginTest Failed.....
[INFO ] 2020-06-12 15:24:20.805 [main] LoggerListener - Priority of this method is : 0
[INFO ] 2020-06-12 15:24:29.523 [main] LoggerListener - Test Started.....
[INFO ] 2020-06-12 15:24:29.930 [main] LoggerListener - Test loginTest Failed.....
[INFO ] 2020-06-12 15:24:29.930 [main] LoggerListener - Priority of this method is : 0
[INFO ] 2020-06-12 15:35:33.514 [main] ExcelHelper - total rows:3
[INFO ] 2020-06-12 15:35:33.519 [main] ExcelHelper - total cols:3
[INFO ] 2020-06-12 15:35:33.526 [main] ExcelHelper - total cols:3
[INFO ] 2020-06-12 15:35:33.527 [main] ExcelHelper - total cols:3
[INFO ] 2020-06-12 15:35:44.049 [main] LoggerListener - Test Started.....
[INFO ] 2020-06-12 15:35:44.620 [main] LoggerListener - Test loginTest Failed.....
[INFO ] 2020-06-12 15:35:44.620 [main] LoggerListener - Priority of this method is : 0
[INFO ] 2020-06-12 15:35:57.310 [main] LoggerListener - Test Started.....
[INFO ] 2020-06-12 15:35:57.652 [main] LoggerListener - Test loginTest Failed.....
[INFO ] 2020-06-12 15:35:57.653 [main] LoggerListener - Priority of this method is : 0
[INFO ] 2020-06-12 15:36:07.183 [main] LoggerListener - Test Started.....
[INFO ] 2020-06-12 15:36:07.562 [main] LoggerListener - Test loginTest Failed.....
[INFO ] 2020-06-12 15:36:07.562 [main] LoggerListener - Priority of this method is : 0
[INFO ] 2020-06-12 15:49:33.592 [main] ExcelHelper - total rows:3
[INFO ] 2020-06-12 15:49:33.597 [main] ExcelHelper - total cols:3
[INFO ] 2020-06-12 15:49:33.607 [main] ExcelHelper - total cols:3
[INFO ] 2020-06-12 15:49:33.608 [main] ExcelHelper - total cols:3
[INFO ] 2020-06-12 15:49:42.526 [main] LoggerListener - Test Started.....
[INFO ] 2020-06-12 15:49:43.212 [main] LoggerListener - Test loginTest Failed.....
[INFO ] 2020-06-12 15:49:43.212 [main] LoggerListener - Priority of this method is : 0
[INFO ] 2020-06-12 15:49:53.479 [main] LoggerListener - Test Started.....
[INFO ] 2020-06-12 15:49:53.886 [main] LoggerListener - Test loginTest Failed.....
[INFO ] 2020-06-12 15:49:53.887 [main] LoggerListener - Priority of this method is : 0
[INFO ] 2020-06-12 15:50:05.843 [main] LoggerListener - Test Started.....
[INFO ] 2020-06-12 15:50:06.210 [main] LoggerListener - Test loginTest Failed.....
[INFO ] 2020-06-12 15:50:06.210 [main] LoggerListener - Priority of this method is : 0
[INFO ] 2020-06-12 15:57:36.286 [main] ExcelHelper - total rows:3
[INFO ] 2020-06-12 15:57:36.294 [main] ExcelHelper - total cols:3
[INFO ] 2020-06-12 15:57:36.305 [main] ExcelHelper - total cols:3
[INFO ] 2020-06-12 15:57:36.306 [main] ExcelHelper - total cols:3
[INFO ] 2020-06-12 15:57:47.120 [main] LoggerListener - Test Started.....
[INFO ] 2020-06-12 15:57:47.638 [main] LoggerListener - Test loginTest Failed.....
[INFO ] 2020-06-12 15:57:47.638 [main] LoggerListener - Priority of this method is : 0
[INFO ] 2020-06-12 15:57:56.208 [main] LoggerListener - Test Started.....
[INFO ] 2020-06-12 15:57:56.679 [main] LoggerListener - Test loginTest Failed.....
[INFO ] 2020-06-12 15:57:56.679 [main] LoggerListener - Priority of this method is : 0
[INFO ] 2020-06-12 15:58:06.269 [main] LoggerListener - Test Started.....
[INFO ] 2020-06-12 15:58:06.623 [main] LoggerListener - Test loginTest Failed.....
[INFO ] 2020-06-12 15:58:06.623 [main] LoggerListener - Priority of this method is : 0
[INFO ] 2020-06-12 15:59:02.527 [main] ExcelHelper - total rows:3
[INFO ] 2020-06-12 15:59:02.534 [main] ExcelHelper - total cols:3
[INFO ] 2020-06-12 15:59:02.542 [main] ExcelHelper - total cols:3
[INFO ] 2020-06-12 15:59:02.543 [main] ExcelHelper - total cols:3
[INFO ] 2020-06-12 15:59:11.528 [main] LoggerListener - Test Started.....
[INFO ] 2020-06-12 15:59:11.984 [main] LoggerListener - Test loginTest Failed.....
[INFO ] 2020-06-12 15:59:11.984 [main] LoggerListener - Priority of this method is : 0
[INFO ] 2020-06-12 15:59:22.913 [main] LoggerListener - Test Started.....
[INFO ] 2020-06-12 15:59:23.342 [main] LoggerListener - Test loginTest Failed.....
[INFO ] 2020-06-12 15:59:23.342 [main] LoggerListener - Priority of this method is : 0
[INFO ] 2020-06-12 15:59:35.117 [main] LoggerListener - Test Started.....
[INFO ] 2020-06-12 15:59:35.508 [main] LoggerListener - Test loginTest Failed.....
[INFO ] 2020-06-12 15:59:35.508 [main] LoggerListener - Priority of this method is : 0
[INFO ] 2020-06-12 16:00:54.891 [main] LoggerListener - Test Started.....
[INFO ] 2020-06-12 16:00:54.997 [main] LoggerListener - Test searchTextTest Passed.....
[INFO ] 2020-06-12 16:00:54.997 [main] LoggerListener - Priority of this method is : 1
[INFO ] 2020-06-12 16:00:55.012 [main] LoggerListener - Test Started.....
[INFO ] 2020-06-12 16:00:55.012 [main] LoggerListener - Test techImagesTest Skipped.....
[INFO ] 2020-06-12 16:00:55.012 [main] LoggerListener - Priority of this method is : 2
[INFO ] 2020-06-12 16:00:55.014 [main] LoggerListener - Test Started.....
[INFO ] 2020-06-12 16:00:55.015 [main] LoggerListener - Test searchURLTest2 Skipped.....
[INFO ] 2020-06-12 16:00:55.015 [main] LoggerListener - Priority of this method is : 3
[INFO ] 2020-06-12 16:00:55.016 [main] LoggerListener - Test Started.....
[INFO ] 2020-06-12 16:00:55.017 [main] LoggerListener - Test searchURLTest1 Skipped.....
[INFO ] 2020-06-12 16:00:55.017 [main] LoggerListener - Priority of this method is : 4
[INFO ] 2020-06-12 16:00:55.020 [main] LoggerListener - Test Started.....
[INFO ] 2020-06-12 16:00:55.020 [main] LoggerListener - Test searchURLTest3 Skipped.....
[INFO ] 2020-06-12 16:00:55.021 [main] LoggerListener - Priority of this method is : 5
[INFO ] 2020-06-12 16:00:55.022 [main] LoggerListener - Test Started.....
[INFO ] 2020-06-12 16:00:55.023 [main] LoggerListener - Test searchURLTest4 Skipped.....
[INFO ] 2020-06-12 16:00:55.023 [main] LoggerListener - Priority of this method is : 6
[INFO ] 2020-06-12 16:00:55.025 [main] LoggerListener - Test Started.....
[INFO ] 2020-06-12 16:00:55.025 [main] LoggerListener - Test searchURLTest5 Skipped.....
[INFO ] 2020-06-12 16:00:55.026 [main] LoggerListener - Priority of this method is : 7
[INFO ] 2020-06-12 16:00:55.027 [main] LoggerListener - Test Started.....
[INFO ] 2020-06-12 16:00:55.027 [main] LoggerListener - Test searchURLTest6 Skipped.....
[INFO ] 2020-06-12 16:00:55.027 [main] LoggerListener - Priority of this method is : 8
[INFO ] 2020-06-12 16:02:31.513 [main] LoggerListener - Test Started.....
[INFO ] 2020-06-12 16:02:31.623 [main] LoggerListener - Test searchTextTest Passed.....
[INFO ] 2020-06-12 16:02:31.623 [main] LoggerListener - Priority of this method is : 1
[INFO ] 2020-06-12 16:02:31.637 [main] LoggerListener - Test Started.....
[INFO ] 2020-06-12 16:02:31.637 [main] LoggerListener - Test techImagesTest Skipped.....
[INFO ] 2020-06-12 16:02:31.637 [main] LoggerListener - Priority of this method is : 2
[INFO ] 2020-06-12 16:02:31.639 [main] LoggerListener - Test Started.....
[INFO ] 2020-06-12 16:02:31.639 [main] LoggerListener - Test searchURLTest2 Skipped.....
[INFO ] 2020-06-12 16:02:31.639 [main] LoggerListener - Priority of this method is : 3
[INFO ] 2020-06-12 16:02:31.641 [main] LoggerListener - Test Started.....
[INFO ] 2020-06-12 16:02:31.641 [main] LoggerListener - Test searchURLTest1 Skipped.....
[INFO ] 2020-06-12 16:02:31.641 [main] LoggerListener - Priority of this method is : 4
[INFO ] 2020-06-12 16:02:31.643 [main] LoggerListener - Test Started.....
[INFO ] 2020-06-12 16:02:31.644 [main] LoggerListener - Test searchURLTest3 Skipped.....
[INFO ] 2020-06-12 16:02:31.644 [main] LoggerListener - Priority of this method is : 5
[INFO ] 2020-06-12 16:02:31.647 [main] LoggerListener - Test Started.....
[INFO ] 2020-06-12 16:02:31.647 [main] LoggerListener - Test searchURLTest4 Skipped.....
[INFO ] 2020-06-12 16:02:31.647 [main] LoggerListener - Priority of this method is : 6
[INFO ] 2020-06-12 16:02:31.649 [main] LoggerListener - Test Started.....
[INFO ] 2020-06-12 16:02:31.650 [main] LoggerListener - Test searchURLTest5 Skipped.....
[INFO ] 2020-06-12 16:02:31.650 [main] LoggerListener - Priority of this method is : 7
[INFO ] 2020-06-12 16:02:31.652 [main] LoggerListener - Test Started.....
[INFO ] 2020-06-12 16:02:31.652 [main] LoggerListener - Test searchURLTest6 Skipped.....
[INFO ] 2020-06-12 16:02:31.652 [main] LoggerListener - Priority of this method is : 8
[INFO ] 2020-06-12 16:04:08.920 [main] LoggerListener - Test Started.....
[INFO ] 2020-06-12 16:04:09.046 [main] LoggerListener - Test searchTextTest Passed.....
[INFO ] 2020-06-12 16:04:09.047 [main] LoggerListener - Priority of this method is : 1
[INFO ] 2020-06-12 16:04:09.058 [main] LoggerListener - Test Started.....
[INFO ] 2020-06-12 16:04:09.059 [main] LoggerListener - Test techImagesTest Skipped.....
[INFO ] 2020-06-12 16:04:09.059 [main] LoggerListener - Priority of this method is : 2
[INFO ] 2020-06-12 16:04:09.061 [main] LoggerListener - Test Started.....
[INFO ] 2020-06-12 16:04:09.062 [main] LoggerListener - Test searchURLTest2 Skipped.....
[INFO ] 2020-06-12 16:04:09.062 [main] LoggerListener - Priority of this method is : 3
[INFO ] 2020-06-12 16:04:09.064 [main] LoggerListener - Test Started.....
[INFO ] 2020-06-12 16:04:09.064 [main] LoggerListener - Test searchURLTest1 Skipped.....
[INFO ] 2020-06-12 16:04:09.064 [main] LoggerListener - Priority of this method is : 4
[INFO ] 2020-06-12 16:04:09.066 [main] LoggerListener - Test Started.....
[INFO ] 2020-06-12 16:04:09.066 [main] LoggerListener - Test searchURLTest3 Skipped.....
[INFO ] 2020-06-12 16:04:09.067 [main] LoggerListener - Priority of this method is : 5
[INFO ] 2020-06-12 16:04:09.070 [main] LoggerListener - Test Started.....
[INFO ] 2020-06-12 16:04:09.071 [main] LoggerListener - Test searchURLTest4 Skipped.....
[INFO ] 2020-06-12 16:04:09.071 [main] LoggerListener - Priority of this method is : 6
[INFO ] 2020-06-12 16:04:09.073 [main] LoggerListener - Test Started.....
[INFO ] 2020-06-12 16:04:09.073 [main] LoggerListener - Test searchURLTest5 Skipped.....
[INFO ] 2020-06-12 16:04:09.073 [main] LoggerListener - Priority of this method is : 7
[INFO ] 2020-06-12 16:04:09.075 [main] LoggerListener - Test Started.....
[INFO ] 2020-06-12 16:04:09.075 [main] LoggerListener - Test searchURLTest6 Skipped.....
[INFO ] 2020-06-12 16:04:09.075 [main] LoggerListener - Priority of this method is : 8
[INFO ] 2020-06-12 16:05:14.906 [main] LoggerListener - Test Started.....
[INFO ] 2020-06-12 16:05:15.037 [main] LoggerListener - Test searchTextTest Passed.....
[INFO ] 2020-06-12 16:05:15.038 [main] LoggerListener - Priority of this method is : 1
[INFO ] 2020-06-12 16:05:15.055 [main] LoggerListener - Test Started.....
[INFO ] 2020-06-12 16:05:15.056 [main] LoggerListener - Test techImagesTest Skipped.....
[INFO ] 2020-06-12 16:05:15.056 [main] LoggerListener - Priority of this method is : 2
[INFO ] 2020-06-12 16:05:15.059 [main] LoggerListener - Test Started.....
[INFO ] 2020-06-12 16:05:15.063 [main] LoggerListener - Test searchURLTest2 Skipped.....
[INFO ] 2020-06-12 16:05:15.064 [main] LoggerListener - Priority of this method is : 3
[INFO ] 2020-06-12 16:05:15.066 [main] LoggerListener - Test Started.....
[INFO ] 2020-06-12 16:05:15.066 [main] LoggerListener - Test searchURLTest1 Skipped.....
[INFO ] 2020-06-12 16:05:15.066 [main] LoggerListener - Priority of this method is : 4
[INFO ] 2020-06-12 16:05:15.069 [main] LoggerListener - Test Started.....
[INFO ] 2020-06-12 16:05:15.069 [main] LoggerListener - Test searchURLTest3 Skipped.....
[INFO ] 2020-06-12 16:05:15.070 [main] LoggerListener - Priority of this method is : 5
[INFO ] 2020-06-12 16:05:15.075 [main] LoggerListener - Test Started.....
[INFO ] 2020-06-12 16:05:15.075 [main] LoggerListener - Test searchURLTest4 Skipped.....
[INFO ] 2020-06-12 16:05:15.076 [main] LoggerListener - Priority of this method is : 6
[INFO ] 2020-06-12 16:05:15.080 [main] LoggerListener - Test Started.....
[INFO ] 2020-06-12 16:05:15.082 [main] LoggerListener - Test searchURLTest5 Skipped.....
[INFO ] 2020-06-12 16:05:15.082 [main] LoggerListener - Priority of this method is : 7
[INFO ] 2020-06-12 16:05:15.083 [main] LoggerListener - Test Started.....
[INFO ] 2020-06-12 16:05:15.084 [main] LoggerListener - Test searchURLTest6 Skipped.....
[INFO ] 2020-06-12 16:05:15.084 [main] LoggerListener - Priority of this method is : 8
[INFO ] 2020-06-12 17:23:35.937 [main] LoggerListener - Test Started.....
[INFO ] 2020-06-12 17:23:36.017 [main] LoggerListener - Test searchTextTest Passed.....
[INFO ] 2020-06-12 17:23:36.017 [main] LoggerListener - Priority of this method is : 1
[INFO ] 2020-06-12 17:23:36.033 [main] LoggerListener - Test Started.....
[INFO ] 2020-06-12 17:23:36.033 [main] LoggerListener - Test techImagesTest Skipped.....
[INFO ] 2020-06-12 17:23:36.033 [main] LoggerListener - Priority of this method is : 2
[INFO ] 2020-06-12 17:23:36.033 [main] LoggerListener - Test Started.....
[INFO ] 2020-06-12 17:23:36.033 [main] LoggerListener - Test searchURLTest2 Skipped.....
[INFO ] 2020-06-12 17:23:36.033 [main] LoggerListener - Priority of this method is : 3
[INFO ] 2020-06-12 17:23:36.037 [main] LoggerListener - Test Started.....
[INFO ] 2020-06-12 17:23:36.037 [main] LoggerListener - Test searchURLTest1 Skipped.....
[INFO ] 2020-06-12 17:23:36.037 [main] LoggerListener - Priority of this method is : 4
[INFO ] 2020-06-12 17:23:36.037 [main] LoggerListener - Test Started.....
[INFO ] 2020-06-12 17:23:36.041 [main] LoggerListener - Test searchURLTest3 Skipped.....
[INFO ] 2020-06-12 17:23:36.041 [main] LoggerListener - Priority of this method is : 5
[INFO ] 2020-06-12 17:23:36.045 [main] LoggerListener - Test Started.....
[INFO ] 2020-06-12 17:23:36.045 [main] LoggerListener - Test searchURLTest4 Skipped.....
[INFO ] 2020-06-12 17:23:36.045 [main] LoggerListener - Priority of this method is : 6
[INFO ] 2020-06-12 17:23:36.045 [main] LoggerListener - Test Started.....
[INFO ] 2020-06-12 17:23:36.045 [main] LoggerListener - Test searchURLTest5 Skipped.....
[INFO ] 2020-06-12 17:23:36.045 [main] LoggerListener - Priority of this method is : 7
[INFO ] 2020-06-12 17:23:36.045 [main] LoggerListener - Test Started.....
[INFO ] 2020-06-12 17:23:36.045 [main] LoggerListener - Test searchURLTest6 Skipped.....
[INFO ] 2020-06-12 17:23:36.049 [main] LoggerListener - Priority of this method is : 8
[INFO ] 2020-06-12 17:24:41.285 [main] LoggerListener - Test Started.....
[INFO ] 2020-06-12 17:24:41.361 [main] LoggerListener - Test searchTextTest Passed.....
[INFO ] 2020-06-12 17:24:41.361 [main] LoggerListener - Priority of this method is : 1
[INFO ] 2020-06-12 17:24:41.381 [main] LoggerListener - Test Started.....
[INFO ] 2020-06-12 17:24:41.381 [main] LoggerListener - Test techImagesTest Skipped.....
[INFO ] 2020-06-12 17:24:41.381 [main] LoggerListener - Priority of this method is : 2
[INFO ] 2020-06-12 17:24:41.381 [main] LoggerListener - Test Started.....
[INFO ] 2020-06-12 17:24:41.381 [main] LoggerListener - Test searchURLTest2 Skipped.....
[INFO ] 2020-06-12 17:24:41.381 [main] LoggerListener - Priority of this method is : 3
[INFO ] 2020-06-12 17:24:41.385 [main] LoggerListener - Test Started.....
[INFO ] 2020-06-12 17:24:41.385 [main] LoggerListener - Test searchURLTest1 Skipped.....
[INFO ] 2020-06-12 17:24:41.385 [main] LoggerListener - Priority of this method is : 4
[INFO ] 2020-06-12 17:24:41.389 [main] LoggerListener - Test Started.....
[INFO ] 2020-06-12 17:24:41.389 [main] LoggerListener - Test searchURLTest3 Skipped.....
[INFO ] 2020-06-12 17:24:41.389 [main] LoggerListener - Priority of this method is : 5
[INFO ] 2020-06-12 17:24:41.397 [main] LoggerListener - Test Started.....
[INFO ] 2020-06-12 17:24:41.397 [main] LoggerListener - Test searchURLTest4 Skipped.....
[INFO ] 2020-06-12 17:24:41.397 [main] LoggerListener - Priority of this method is : 6
[INFO ] 2020-06-12 17:24:41.397 [main] LoggerListener - Test Started.....
[INFO ] 2020-06-12 17:24:41.401 [main] LoggerListener - Test searchURLTest5 Skipped.....
[INFO ] 2020-06-12 17:24:41.401 [main] LoggerListener - Priority of this method is : 7
[INFO ] 2020-06-12 17:24:41.401 [main] LoggerListener - Test Started.....
[INFO ] 2020-06-12 17:24:41.401 [main] LoggerListener - Test searchURLTest6 Skipped.....
[INFO ] 2020-06-12 17:24:41.401 [main] LoggerListener - Priority of this method is : 8
[INFO ] 2020-06-12 17:32:26.681 [main] LoggerListener - Test Started.....
[INFO ] 2020-06-12 17:32:26.773 [main] LoggerListener - Test searchTextTest Passed.....
[INFO ] 2020-06-12 17:32:26.773 [main] LoggerListener - Priority of this method is : 1
[INFO ] 2020-06-12 17:32:35.654 [main] LoggerListener - Test Started.....
[INFO ] 2020-06-12 17:32:35.694 [main] LoggerListener - Test techImagesTest Passed.....
[INFO ] 2020-06-12 17:32:35.694 [main] LoggerListener - Priority of this method is : 2
[INFO ] 2020-06-12 17:32:44.888 [main] LoggerListener - Test Started.....
[INFO ] 2020-06-12 17:32:45.024 [main] LoggerListener - Test searchURLTest2 Passed.....
[INFO ] 2020-06-12 17:32:45.024 [main] LoggerListener - Priority of this method is : 3
[INFO ] 2020-06-12 17:32:54.020 [main] LoggerListener - Test Started.....
[INFO ] 2020-06-12 17:32:54.536 [main] LoggerListener - Test searchURLTest1 Passed.....
[INFO ] 2020-06-12 17:32:54.536 [main] LoggerListener - Priority of this method is : 4
[INFO ] 2020-06-12 17:33:03.099 [main] LoggerListener - Test Started.....
[INFO ] 2020-06-12 17:33:04.475 [main] LoggerListener - Test searchURLTest3 Passed.....
[INFO ] 2020-06-12 17:33:04.475 [main] LoggerListener - Priority of this method is : 5
[INFO ] 2020-06-12 17:33:13.149 [main] LoggerListener - Test Started.....
[INFO ] 2020-06-12 17:33:14.821 [main] LoggerListener - Test searchURLTest4 Passed.....
[INFO ] 2020-06-12 17:33:14.825 [main] LoggerListener - Priority of this method is : 6
[INFO ] 2020-06-12 17:33:23.071 [main] LoggerListener - Test Started.....
[INFO ] 2020-06-12 17:33:25.509 [main] LoggerListener - Test searchURLTest5 Passed.....
[INFO ] 2020-06-12 17:33:25.509 [main] LoggerListener - Priority of this method is : 7
[INFO ] 2020-06-12 17:33:34.136 [main] LoggerListener - Test Started.....
[INFO ] 2020-06-12 17:33:34.852 [main] LoggerListener - Test searchURLTest6 Passed.....
[INFO ] 2020-06-12 17:33:34.852 [main] LoggerListener - Priority of this method is : 8
