[INFO ] 2020-06-16 11:24:02.027 [TestNG-tests-1] LoggerListener - Test Started.....
[INFO ] 2020-06-16 11:24:05.905 [TestNG-tests-1] LoggerListener - Test searchURLTest1 Passed.....
[INFO ] 2020-06-16 11:24:05.906 [TestNG-tests-1] LoggerListener - Priority of this method is : 1
[INFO ] 2020-06-16 11:24:17.545 [TestNG-tests-1] LoggerListener - Test Started.....
[INFO ] 2020-06-16 11:24:18.772 [TestNG-tests-1] LoggerListener - Test searchURLTest2 Passed.....
[INFO ] 2020-06-16 11:24:18.773 [TestNG-tests-1] LoggerListener - Priority of this method is : 2
[INFO ] 2020-06-16 11:24:30.922 [TestNG-tests-1] LoggerListener - Test Started.....
[INFO ] 2020-06-16 11:24:31.255 [TestNG-tests-1] LoggerListener - Test searchURLTest3 Passed.....
[INFO ] 2020-06-16 11:24:31.256 [TestNG-tests-1] LoggerListener - Priority of this method is : 3
[INFO ] 2020-06-16 11:24:42.770 [TestNG-tests-1] LoggerListener - Test Started.....
[INFO ] 2020-06-16 11:24:46.251 [TestNG-tests-1] LoggerListener - Test searchURLTest4 Passed.....
[INFO ] 2020-06-16 11:24:46.253 [TestNG-tests-1] LoggerListener - Priority of this method is : 4
[INFO ] 2020-06-16 11:24:57.780 [TestNG-tests-1] LoggerListener - Test Started.....
[INFO ] 2020-06-16 11:25:01.995 [TestNG-tests-1] LoggerListener - Test searchURLTest5 Passed.....
[INFO ] 2020-06-16 11:25:01.995 [TestNG-tests-1] LoggerListener - Priority of this method is : 5
[INFO ] 2020-06-16 11:25:05.190 [TestNG-tests-1] ExcelHelper - total rows:3
[INFO ] 2020-06-16 11:25:05.190 [TestNG-tests-1] ExcelHelper - total cols:3
[INFO ] 2020-06-16 11:25:05.190 [TestNG-tests-1] ExcelHelper - total cols:3
[INFO ] 2020-06-16 11:25:05.190 [TestNG-tests-1] ExcelHelper - total cols:3
[INFO ] 2020-06-16 11:25:21.159 [TestNG-tests-1] LoggerListener - Test Started.....
[INFO ] 2020-06-16 11:25:23.559 [TestNG-tests-1] LoggerListener - Test loginTest Passed.....
[INFO ] 2020-06-16 11:25:23.560 [TestNG-tests-1] LoggerListener - Priority of this method is : 0
[INFO ] 2020-06-16 11:25:38.655 [TestNG-tests-1] LoggerListener - Test Started.....
[INFO ] 2020-06-16 11:25:41.122 [TestNG-tests-1] LoggerListener - Test loginTest Passed.....
[INFO ] 2020-06-16 11:25:41.122 [TestNG-tests-1] LoggerListener - Priority of this method is : 0
[INFO ] 2020-06-16 11:25:55.179 [TestNG-tests-1] LoggerListener - Test Started.....
[INFO ] 2020-06-16 11:25:57.836 [TestNG-tests-1] LoggerListener - Test loginTest Passed.....
[INFO ] 2020-06-16 11:25:57.837 [TestNG-tests-1] LoggerListener - Priority of this method is : 0
